2019-01-24 09:34:48.940 WIB [373] ERROR:  invalid input syntax for type json at character 479
2019-01-24 09:34:48.940 WIB [373] DETAIL:  Token "'" is invalid.
2019-01-24 09:34:48.940 WIB [373] CONTEXT:  JSON data, line 1: ['...
2019-01-24 09:34:48.940 WIB [373] STATEMENT:  INSERT INTO "tmp"."rkf" ("rkf_sts", "rkf_id", "rkf_user", "rkf_user_from", "rkf_tahun", "rkf_jenis_id", "rkf_proker", "rkf_status_proker", "rkf_skala_proker", "rkf_kat_proker", "rkf_bsc", "rkf_konsultan", "rkf_unit_pelaksana", "rkf_visi", "rkf_misi", "rkf_coreplan", "rkf_kud", "rkf_tujuan_proker", "rkf_indikator", "rkf_targetfin", "rkf_jadwal") VALUES (1, 613, NULL, '001DTI', 2019, 1, 'Membuat aplikasi CPA', NULL, NULL, NULL, NULL, NULL, '[]', '[]', '[]', '[]', '[]', '[]', '[''''Perhitungan CPA'''']', NULL, '["10","11","12", "6", "7", "8", "9"]')
2019-01-24 09:34:48.943 WIB [373] ERROR:  invalid input syntax for type json at character 500
2019-01-24 09:34:48.943 WIB [373] DETAIL:  Token "'" is invalid.
2019-01-24 09:34:48.943 WIB [373] CONTEXT:  JSON data, line 1: ['...
2019-01-24 09:34:48.943 WIB [373] STATEMENT:  INSERT INTO "tmp"."rkf" ("rkf_sts", "rkf_id", "rkf_user", "rkf_user_from", "rkf_tahun", "rkf_jenis_id", "rkf_proker", "rkf_status_proker", "rkf_skala_proker", "rkf_kat_proker", "rkf_bsc", "rkf_konsultan", "rkf_unit_pelaksana", "rkf_visi", "rkf_misi", "rkf_coreplan", "rkf_kud", "rkf_tujuan_proker", "rkf_indikator", "rkf_targetfin", "rkf_jadwal") VALUES (1, 614, NULL, '001DTI', 2019, 1, 'Menambah analis ALMA dan staf analis ALMA', NULL, NULL, NULL, NULL, NULL, '[]', '[]', '[]', '[]', '[]', '[]', '[''''Terpenuhinya analis ALMA dan staf analis ALMA'''']', NULL, '["1", "2", "3", "4", "5", "6", "8"]')
2019-01-24 09:34:48.945 WIB [373] ERROR:  invalid input syntax for type json at character 488
2019-01-24 09:34:48.945 WIB [373] DETAIL:  Token "'" is invalid.
2019-01-24 09:34:48.945 WIB [373] CONTEXT:  JSON data, line 1: ['...
2019-01-24 09:34:48.945 WIB [373] STATEMENT:  INSERT INTO "tmp"."rkf" ("rkf_sts", "rkf_id", "rkf_user", "rkf_user_from", "rkf_tahun", "rkf_jenis_id", "rkf_proker", "rkf_status_proker", "rkf_skala_proker", "rkf_kat_proker", "rkf_bsc", "rkf_konsultan", "rkf_unit_pelaksana", "rkf_visi", "rkf_misi", "rkf_coreplan", "rkf_kud", "rkf_tujuan_proker", "rkf_indikator", "rkf_targetfin", "rkf_jadwal") VALUES (1, 615, NULL, '001DTI', 2019, 1, 'Pelatihan terkait bidang ALMA', NULL, NULL, NULL, NULL, NULL, '[]', '[]', '[]', '[]', '[]', '[]', '[''''Mengikuti pelatihan ALMA'''']', NULL, '["1", "10", "11", "12", "2", "3", "4", "5", "6", "7", "8", "9"]')
2019-01-24 09:34:48.947 WIB [373] ERROR:  invalid input syntax for type json at character 513
2019-01-24 09:34:48.947 WIB [373] DETAIL:  Token "'" is invalid.
2019-01-24 09:34:48.947 WIB [373] CONTEXT:  JSON data, line 1: ['...
2019-01-24 09:34:48.947 WIB [373] STATEMENT:  INSERT INTO "tmp"."rkf" ("rkf_sts", "rkf_id", "rkf_user", "rkf_user_from", "rkf_tahun", "rkf_jenis_id", "rkf_proker", "rkf_status_proker", "rkf_skala_proker", "rkf_kat_proker", "rkf_bsc", "rkf_konsultan", "rkf_unit_pelaksana", "rkf_visi", "rkf_misi", "rkf_coreplan", "rkf_kud", "rkf_tujuan_proker", "rkf_indikator", "rkf_targetfin", "rkf_jadwal") VALUES (1, 616, NULL, '001DTI', 2019, 1, 'Study banding metodelogi perhitungan Spesial Rate ALMA', NULL, NULL, NULL, NULL, NULL, '[]', '[]', '[]', '[]', '[]', '[]', '[''''Mengikuti studi banding'''']', NULL, '["1", "10", "11", "12", "2", "3", "4", "5", "6", "7", "8", "9"]')
2019-01-24 09:34:48.949 WIB [373] ERROR:  invalid input syntax for type json at character 491
2019-01-24 09:34:48.949 WIB [373] DETAIL:  Token "'" is invalid.
2019-01-24 09:34:48.949 WIB [373] CONTEXT:  JSON data, line 1: ['...
2019-01-24 09:34:48.949 WIB [373] STATEMENT:  INSERT INTO "tmp"."rkf" ("rkf_sts", "rkf_id", "rkf_user", "rkf_user_from", "rkf_tahun", "rkf_jenis_id", "rkf_proker", "rkf_status_proker", "rkf_skala_proker", "rkf_kat_proker", "rkf_bsc", "rkf_konsultan", "rkf_unit_pelaksana", "rkf_visi", "rkf_misi", "rkf_coreplan", "rkf_kud", "rkf_tujuan_proker", "rkf_indikator", "rkf_targetfin", "rkf_jadwal") VALUES (1, 617, NULL, '001DTI', 2019, 1, 'Pengadaan program dashboard ALMA', NULL, NULL, NULL, NULL, NULL, '[]', '[]', '[]', '[]', '[]', '[]', '[''''Membuat program dashboard ALMA'''']', NULL, '["1", "2", "3", "4", "5", "6"]')
2019-01-24 09:34:48.952 WIB [373] ERROR:  invalid input syntax for type json at character 476
2019-01-24 09:34:48.952 WIB [373] DETAIL:  Token "'" is invalid.
2019-01-24 09:34:48.952 WIB [373] CONTEXT:  JSON data, line 1: ['...
2019-01-24 09:34:48.952 WIB [373] STATEMENT:  INSERT INTO "tmp"."rkf" ("rkf_sts", "rkf_id", "rkf_user", "rkf_user_from", "rkf_tahun", "rkf_jenis_id", "rkf_proker", "rkf_status_proker", "rkf_skala_proker", "rkf_kat_proker", "rkf_bsc", "rkf_konsultan", "rkf_unit_pelaksana", "rkf_visi", "rkf_misi", "rkf_coreplan", "rkf_kud", "rkf_tujuan_proker", "rkf_indikator", "rkf_targetfin", "rkf_jadwal") VALUES (1, 618, NULL, '001DTI', 2019, 1, 'Perhitungan IRRBB', NULL, NULL, NULL, NULL, NULL, '[]', '[]', '[]', '[]', '[]', '[]', '[''''Membuat tools perhitungan IRRBB'''']', NULL, '["10", "2", "3", "4", "5", "6", "7", "8", "9"]')
2019-01-24 09:34:48.953 WIB [373] ERROR:  invalid input syntax for type json at character 505
2019-01-24 09:34:48.953 WIB [373] DETAIL:  Token "'" is invalid.
2019-01-24 09:34:48.953 WIB [373] CONTEXT:  JSON data, line 1: ['...
2019-01-24 09:34:48.953 WIB [373] STATEMENT:  INSERT INTO "tmp"."rkf" ("rkf_sts", "rkf_id", "rkf_user", "rkf_user_from", "rkf_tahun", "rkf_jenis_id", "rkf_proker", "rkf_status_proker", "rkf_skala_proker", "rkf_kat_proker", "rkf_bsc", "rkf_konsultan", "rkf_unit_pelaksana", "rkf_visi", "rkf_misi", "rkf_coreplan", "rkf_kud", "rkf_tujuan_proker", "rkf_indikator", "rkf_targetfin", "rkf_jadwal") VALUES (1, 619, NULL, '001DTI', 2019, 1, 'Data sistem treasury tersimpan dalam warehouse', NULL, NULL, NULL, NULL, NULL, '[]', '[]', '[]', '[]', '[]', '[]', '[''''Data sistem treasury tersimpan dalam warehouse'''']', NULL, '["1", "2"]')
2019-01-24 09:34:48.955 WIB [373] ERROR:  invalid input syntax for type json at character 488
2019-01-24 09:34:48.955 WIB [373] DETAIL:  Token "'" is invalid.
2019-01-24 09:34:48.955 WIB [373] CONTEXT:  JSON data, line 1: ['...
2019-01-24 09:34:48.955 WIB [373] STATEMENT:  INSERT INTO "tmp"."rkf" ("rkf_sts", "rkf_id", "rkf_user", "rkf_user_from", "rkf_tahun", "rkf_jenis_id", "rkf_proker", "rkf_status_proker", "rkf_skala_proker", "rkf_kat_proker", "rkf_bsc", "rkf_konsultan", "rkf_unit_pelaksana", "rkf_visi", "rkf_misi", "rkf_coreplan", "rkf_kud", "rkf_tujuan_proker", "rkf_indikator", "rkf_targetfin", "rkf_jadwal") VALUES (1, 620, NULL, '001DTI', 2019, 1, 'Membuat Sistem Data Warehouse', NULL, NULL, NULL, NULL, NULL, '[]', '[]', '[]', '[]', '[]', '[]', '[''''Membuat & mengembangkan  Sistem Data Warehouse'''']', NULL, '["1", "2", "3"]')
2019-01-24 09:34:48.957 WIB [373] ERROR:  invalid input syntax for type json at character 500
2019-01-24 09:34:48.957 WIB [373] DETAIL:  Token "'" is invalid.
2019-01-24 09:34:48.957 WIB [373] CONTEXT:  JSON data, line 1: ['...
2019-01-24 09:34:48.957 WIB [373] STATEMENT:  INSERT INTO "tmp"."rkf" ("rkf_sts", "rkf_id", "rkf_user", "rkf_user_from", "rkf_tahun", "rkf_jenis_id", "rkf_proker", "rkf_status_proker", "rkf_skala_proker", "rkf_kat_proker", "rkf_bsc", "rkf_konsultan", "rkf_unit_pelaksana", "rkf_visi", "rkf_misi", "rkf_coreplan", "rkf_kud", "rkf_tujuan_proker", "rkf_indikator", "rkf_targetfin", "rkf_jadwal") VALUES (1, 621, NULL, '001DTI', 2019, 1, 'Laporan LBU Form 4, 5, 7, 8, 25, 27, & 29', NULL, NULL, NULL, NULL, NULL, '[]', '[]', '[]', '[]', '[]', '[]', '[''''Pelaksanaan pembuatan Form LBU tersebut untuk Kanpus dan Cabut'''']', NULL, '["1", "10", "11", "12", "2", "3", "4", "5", "6", "7", "8", "9"]')
2019-01-24 09:34:48.959 WIB [373] ERROR:  invalid input syntax for type json at character 516
2019-01-24 09:34:48.959 WIB [373] DETAIL:  Token "'" is invalid.
2019-01-24 09:34:48.959 WIB [373] CONTEXT:  JSON data, line 1: ['...
2019-01-24 09:34:48.959 WIB [373] STATEMENT:  INSERT INTO "tmp"."rkf" ("rkf_sts", "rkf_id", "rkf_user", "rkf_user_from", "rkf_tahun", "rkf_jenis_id", "rkf_proker", "rkf_status_proker", "rkf_skala_proker", "rkf_kat_proker", "rkf_bsc", "rkf_konsultan", "rkf_unit_pelaksana", "rkf_visi", "rkf_misi", "rkf_coreplan", "rkf_kud", "rkf_tujuan_proker", "rkf_indikator", "rkf_targetfin", "rkf_jadwal") VALUES (1, 622, NULL, '001DTI', 2019, 1, 'Otomasi Laporan Kegiatan Treasury terkait Penempatan Dana', NULL, NULL, NULL, NULL, NULL, '[]', '[]', '[]', '[]', '[]', '[]', '[''''By Sistem Data Warehouse'''']', NULL, '["1", "2", "3", "4", "5"]')
2019-01-24 09:34:48.961 WIB [373] ERROR:  invalid input syntax for type json at character 551
2019-01-24 09:34:48.961 WIB [373] DETAIL:  Token "'" is invalid.
2019-01-24 09:34:48.961 WIB [373] CONTEXT:  JSON data, line 1: ['...
2019-01-24 09:34:48.961 WIB [373] STATEMENT:  INSERT INTO "tmp"."rkf" ("rkf_sts", "rkf_id", "rkf_user", "rkf_user_from", "rkf_tahun", "rkf_jenis_id", "rkf_proker", "rkf_status_proker", "rkf_skala_proker", "rkf_kat_proker", "rkf_bsc", "rkf_konsultan", "rkf_unit_pelaksana", "rkf_visi", "rkf_misi", "rkf_coreplan", "rkf_kud", "rkf_tujuan_proker", "rkf_indikator", "rkf_targetfin", "rkf_jadwal") VALUES (1, 623, NULL, '001DTI', 2019, 1, 'Review SK Pemberian Wewenang Bagi Pejabat Untuk Melaksanakan Transfer Melalui Sistem BI-RTGS', NULL, NULL, NULL, NULL, NULL, '[]', '[]', '[]', '[]', '[]', '[]', '[''''Pelaksanaan Review SK Pemberian Wewenang Pejabat dalam Transfer BI-RTGS'''']', NULL, '["1", "2", "3"]')
2019-01-24 09:34:48.963 WIB [373] ERROR:  invalid input syntax for type json at character 551
2019-01-24 09:34:48.963 WIB [373] DETAIL:  Token "'" is invalid.
2019-01-24 09:34:48.963 WIB [373] CONTEXT:  JSON data, line 1: ['...
2019-01-24 09:34:48.963 WIB [373] STATEMENT:  INSERT INTO "tmp"."rkf" ("rkf_sts", "rkf_id", "rkf_user", "rkf_user_from", "rkf_tahun", "rkf_jenis_id", "rkf_proker", "rkf_status_proker", "rkf_skala_proker", "rkf_kat_proker", "rkf_bsc", "rkf_konsultan", "rkf_unit_pelaksana", "rkf_visi", "rkf_misi", "rkf_coreplan", "rkf_kud", "rkf_tujuan_proker", "rkf_indikator", "rkf_targetfin", "rkf_jadwal") VALUES (1, 624, NULL, '001DTI', 2019, 1, 'Review SK Pemberian Wewenang Bagi Pejabat Untuk Melaksanakan Transfer Melalui Sistem BI-SSSS', NULL, NULL, NULL, NULL, NULL, '[]', '[]', '[]', '[]', '[]', '[]', '[''''Pelaksanaan Review SK Pemberian Wewenang Pejabat dalam Transfer BI-SSSS'''']', NULL, '["1", "2", "3"]')
2019-01-24 09:34:48.965 WIB [373] ERROR:  invalid input syntax for type json at character 512
2019-01-24 09:34:48.965 WIB [373] DETAIL:  Token "'" is invalid.
2019-01-24 09:34:48.965 WIB [373] CONTEXT:  JSON data, line 1: ['...
2019-01-24 09:34:48.965 WIB [373] STATEMENT:  INSERT INTO "tmp"."rkf" ("rkf_sts", "rkf_id", "rkf_user", "rkf_user_from", "rkf_tahun", "rkf_jenis_id", "rkf_proker", "rkf_status_proker", "rkf_skala_proker", "rkf_kat_proker", "rkf_bsc", "rkf_konsultan", "rkf_unit_pelaksana", "rkf_visi", "rkf_misi", "rkf_coreplan", "rkf_kud", "rkf_tujuan_proker", "rkf_indikator", "rkf_targetfin", "rkf_jadwal") VALUES (1, 625, NULL, '001DTI', 2019, 1, 'Tersedianya Aplikasi TD Valas didalam Sistem Treasury', NULL, NULL, NULL, NULL, NULL, '[]', '[]', '[]', '[]', '[]', '[]', '[''''Pelaksanaan Pembuatan Aplikasi TD Valas didalam Sistem Treasury'''']', NULL, '["1", "2", "3", "4"]')
2019-01-24 09:34:48.967 WIB [373] ERROR:  invalid input syntax for type json at character 509
2019-01-24 09:34:48.967 WIB [373] DETAIL:  Token "'" is invalid.
2019-01-24 09:34:48.967 WIB [373] CONTEXT:  JSON data, line 1: ['...
2019-01-24 09:34:48.967 WIB [373] STATEMENT:  INSERT INTO "tmp"."rkf" ("rkf_sts", "rkf_id", "rkf_user", "rkf_user_from", "rkf_tahun", "rkf_jenis_id", "rkf_proker", "rkf_status_proker", "rkf_skala_proker", "rkf_kat_proker", "rkf_bsc", "rkf_konsultan", "rkf_unit_pelaksana", "rkf_visi", "rkf_misi", "rkf_coreplan", "rkf_kud", "rkf_tujuan_proker", "rkf_indikator", "rkf_targetfin", "rkf_jadwal") VALUES (1, 626, NULL, '001DTI', 2019, 1, 'Tersedianya Aplikasi Forex didalam Sistem Treasury', NULL, NULL, NULL, NULL, NULL, '[]', '[]', '[]', '[]', '[]', '[]', '[''''Pelaksanaan Pembuatan Aplikasi Forex didalam Sistem Treasury'''']', NULL, '["1", "2", "3", "4"]')
2019-01-24 09:34:48.969 WIB [373] ERROR:  invalid input syntax for type json at character 507
2019-01-24 09:34:48.969 WIB [373] DETAIL:  Token "'" is invalid.
2019-01-24 09:34:48.969 WIB [373] CONTEXT:  JSON data, line 1: ['...
2019-01-24 09:34:48.969 WIB [373] STATEMENT:  INSERT INTO "tmp"."rkf" ("rkf_sts", "rkf_id", "rkf_user", "rkf_user_from", "rkf_tahun", "rkf_jenis_id", "rkf_proker", "rkf_status_proker", "rkf_skala_proker", "rkf_kat_proker", "rkf_bsc", "rkf_konsultan", "rkf_unit_pelaksana", "rkf_visi", "rkf_misi", "rkf_coreplan", "rkf_kud", "rkf_tujuan_proker", "rkf_indikator", "rkf_targetfin", "rkf_jadwal") VALUES (1, 627, NULL, '001DTI', 2019, 1, 'Tersedianya Aplikasi SBI didalam Sistem Treasury', NULL, NULL, NULL, NULL, NULL, '[]', '[]', '[]', '[]', '[]', '[]', '[''''Pelaksanaan Pembuatan Aplikasi SBI didalam Sistem Treasury'''']', NULL, '["1", "2", "3", "4", "5", "6", "7"]')
2019-01-24 09:34:48.972 WIB [373] ERROR:  invalid input syntax for type json at character 493
2019-01-24 09:34:48.972 WIB [373] DETAIL:  Token "'" is invalid.
2019-01-24 09:34:48.972 WIB [373] CONTEXT:  JSON data, line 1: ['...
2019-01-24 09:34:48.972 WIB [373] STATEMENT:  INSERT INTO "tmp"."rkf" ("rkf_sts", "rkf_id", "rkf_user", "rkf_user_from", "rkf_tahun", "rkf_jenis_id", "rkf_proker", "rkf_status_proker", "rkf_skala_proker", "rkf_kat_proker", "rkf_bsc", "rkf_konsultan", "rkf_unit_pelaksana", "rkf_visi", "rkf_misi", "rkf_coreplan", "rkf_kud", "rkf_tujuan_proker", "rkf_indikator", "rkf_targetfin", "rkf_jadwal") VALUES (1, 628, NULL, '001DTI', 2019, 1, 'Pembaharuan Deal Slip Money Market', NULL, NULL, NULL, NULL, NULL, '[]', '[]', '[]', '[]', '[]', '[]', '[''''Pembaharuan Deal Slip Money Market'''']', NULL, '["1"]')
2019-01-24 09:34:48.973 WIB [373] ERROR:  invalid input syntax for type json at character 491
2019-01-24 09:34:48.973 WIB [373] DETAIL:  Token "'" is invalid.
2019-01-24 09:34:48.973 WIB [373] CONTEXT:  JSON data, line 1: ['...
2019-01-24 09:34:48.973 WIB [373] STATEMENT:  INSERT INTO "tmp"."rkf" ("rkf_sts", "rkf_id", "rkf_user", "rkf_user_from", "rkf_tahun", "rkf_jenis_id", "rkf_proker", "rkf_status_proker", "rkf_skala_proker", "rkf_kat_proker", "rkf_bsc", "rkf_konsultan", "rkf_unit_pelaksana", "rkf_visi", "rkf_misi", "rkf_coreplan", "rkf_kud", "rkf_tujuan_proker", "rkf_indikator", "rkf_targetfin", "rkf_jadwal") VALUES (1, 629, NULL, '001DTI', 2019, 1, 'Menyediakan Archive Data Temenos', NULL, NULL, NULL, NULL, NULL, '[]', '[]', '[]', '[]', '[]', '[]', '[''''Pelaksanaan Pembuatan Archive Data Temenos'''']', NULL, '["1"]')
2019-01-24 09:34:48.976 WIB [373] ERROR:  invalid input syntax for type json at character 514
2019-01-24 09:34:48.976 WIB [373] DETAIL:  Token "'" is invalid.
2019-01-24 09:34:48.976 WIB [373] CONTEXT:  JSON data, line 1: ['...
2019-01-24 09:34:48.976 WIB [373] STATEMENT:  INSERT INTO "tmp"."rkf" ("rkf_sts", "rkf_id", "rkf_user", "rkf_user_from", "rkf_tahun", "rkf_jenis_id", "rkf_proker", "rkf_status_proker", "rkf_skala_proker", "rkf_kat_proker", "rkf_bsc", "rkf_konsultan", "rkf_unit_pelaksana", "rkf_visi", "rkf_misi", "rkf_coreplan", "rkf_kud", "rkf_tujuan_proker", "rkf_indikator", "rkf_targetfin", "rkf_jadwal") VALUES (1, 630, NULL, '001DTI', 2019, 1, 'Mensupport Kebutuhan Aplikasi LHBU Subdiv Internasional', NULL, NULL, NULL, NULL, NULL, '[]', '[]', '[]', '[]', '[]', '[]', '[''''Kebutuhan Aplikasi LHBU Subdiv Internasional'''']', NULL, '["1"]')
2019-01-24 09:34:48.978 WIB [373] ERROR:  invalid input syntax for type json at character 505
2019-01-24 09:34:48.978 WIB [373] DETAIL:  Token "'" is invalid.
2019-01-24 09:34:48.978 WIB [373] CONTEXT:  JSON data, line 1: ['...
2019-01-24 09:34:48.978 WIB [373] STATEMENT:  INSERT INTO "tmp"."rkf" ("rkf_sts", "rkf_id", "rkf_user", "rkf_user_from", "rkf_tahun", "rkf_jenis_id", "rkf_proker", "rkf_status_proker", "rkf_skala_proker", "rkf_kat_proker", "rkf_bsc", "rkf_konsultan", "rkf_unit_pelaksana", "rkf_visi", "rkf_misi", "rkf_coreplan", "rkf_kud", "rkf_tujuan_proker", "rkf_indikator", "rkf_targetfin", "rkf_jadwal") VALUES (1, 631, NULL, '001DTI', 2019, 1, 'Dashboard Monitoring Transaksi Sistem Treasury', NULL, NULL, NULL, NULL, NULL, '[]', '[]', '[]', '[]', '[]', '[]', '[''''Menyajikan Data Enquiry Temenos'''']', NULL, '["1", "10", "2", "3", "4", "5", "6", "7", "8", "9"]')
2019-01-24 09:34:48.980 WIB [373] ERROR:  invalid input syntax for type json at character 580
2019-01-24 09:34:48.980 WIB [373] DETAIL:  Token "'" is invalid.
2019-01-24 09:34:48.980 WIB [373] CONTEXT:  JSON data, line 1: ['...
2019-01-24 09:34:48.980 WIB [373] STATEMENT:  INSERT INTO "tmp"."rkf" ("rkf_sts", "rkf_id", "rkf_user", "rkf_user_from", "rkf_tahun", "rkf_jenis_id", "rkf_proker", "rkf_status_proker", "rkf_skala_proker", "rkf_kat_proker", "rkf_bsc", "rkf_konsultan", "rkf_unit_pelaksana", "rkf_visi", "rkf_misi", "rkf_coreplan", "rkf_kud", "rkf_tujuan_proker", "rkf_indikator", "rkf_targetfin", "rkf_jadwal") VALUES (1, 632, NULL, '001DTI', 2019, 1, 'Pembuatan Surat Edaran Direksi tentang Pembuatan Spesimen Pejabat Penerima Kuasa Pengambilan Likuiditas ke Bank Indonesia', NULL, NULL, NULL, NULL, NULL, '[]', '[]', '[]', '[]', '[]', '[]', '[''''Pelaksanaan Pembuatan Surat Edaran tentang Pembuatan Spesimen Pejabat Penerima Kuasa Pengambilan Likuiditas ke Bank Indonesia'''']', NULL, '["1", "2", "3", "4", "5", "6"]')
2019-01-24 09:34:48.982 WIB [373] ERROR:  invalid input syntax for type json at character 508
2019-01-24 09:34:48.982 WIB [373] DETAIL:  Token "'" is invalid.
2019-01-24 09:34:48.982 WIB [373] CONTEXT:  JSON data, line 1: ['...
2019-01-24 09:34:48.982 WIB [373] STATEMENT:  INSERT INTO "tmp"."rkf" ("rkf_sts", "rkf_id", "rkf_user", "rkf_user_from", "rkf_tahun", "rkf_jenis_id", "rkf_proker", "rkf_status_proker", "rkf_skala_proker", "rkf_kat_proker", "rkf_bsc", "rkf_konsultan", "rkf_unit_pelaksana", "rkf_visi", "rkf_misi", "rkf_coreplan", "rkf_kud", "rkf_tujuan_proker", "rkf_indikator", "rkf_targetfin", "rkf_jadwal") VALUES (1, 633, NULL, '001DTI', 2019, 1, 'Sosialisasi SK Dir SKN dan RTGS ke Cabang- Cabang', NULL, NULL, NULL, NULL, NULL, '[]', '[]', '[]', '[]', '[]', '[]', '[''''Pelaksanaan sosialisasi SK Dir SKN dan RTGS'''']', NULL, '["5", "6"]')
2019-01-24 09:34:48.984 WIB [373] ERROR:  invalid input syntax for type json at character 559
2019-01-24 09:34:48.984 WIB [373] DETAIL:  Token "'" is invalid.
2019-01-24 09:34:48.984 WIB [373] CONTEXT:  JSON data, line 1: ['...
2019-01-24 09:34:48.984 WIB [373] STATEMENT:  INSERT INTO "tmp"."rkf" ("rkf_sts", "rkf_id", "rkf_user", "rkf_user_from", "rkf_tahun", "rkf_jenis_id", "rkf_proker", "rkf_status_proker", "rkf_skala_proker", "rkf_kat_proker", "rkf_bsc", "rkf_konsultan", "rkf_unit_pelaksana", "rkf_visi", "rkf_misi", "rkf_coreplan", "rkf_kud", "rkf_tujuan_proker", "rkf_indikator", "rkf_targetfin", "rkf_jadwal") VALUES (1, 634, NULL, '001DTI', 2019, 1, 'Penambahan field jumlah karakter pada nama, alamat dan rekening di IBS menu transaksi kliring & RTGS', NULL, NULL, NULL, NULL, NULL, '[]', '[]', '[]', '[]', '[]', '[]', '[''''Pelaksanaan penambahan Field dari TSI'''']', NULL, '["5", "6"]')
2019-01-24 09:34:48.986 WIB [373] ERROR:  invalid input syntax for type json at character 604
2019-01-24 09:34:48.986 WIB [373] DETAIL:  Token "'" is invalid.
2019-01-24 09:34:48.986 WIB [373] CONTEXT:  JSON data, line 1: ['...
2019-01-24 09:34:48.986 WIB [373] STATEMENT:  INSERT INTO "tmp"."rkf" ("rkf_sts", "rkf_id", "rkf_user", "rkf_user_from", "rkf_tahun", "rkf_jenis_id", "rkf_proker", "rkf_status_proker", "rkf_skala_proker", "rkf_kat_proker", "rkf_bsc", "rkf_konsultan", "rkf_unit_pelaksana", "rkf_visi", "rkf_misi", "rkf_coreplan", "rkf_kud", "rkf_tujuan_proker", "rkf_indikator", "rkf_targetfin", "rkf_jadwal") VALUES (1, 635, NULL, '001DTI', 2019, 1, 'Penambahan menu input RTGS di IBS : alamat nasabah penerima dan alamat nasabah pengirim untuk nasabah RTGS yang juga akan terinterface di SPK BI.', NULL, NULL, NULL, NULL, NULL, '[]', '[]', '[]', '[]', '[]', '[]', '[''''Pelaksanaan pengembangan penambahan menu dari TSI'''']', NULL, '["10", "9"]')
2019-01-24 15:57:47.183 WIB [24] LOG:  stats_timestamp 2019-01-24 15:57:47.194226+07 is later than collector's time 2019-01-24 15:57:47.183487+07 for database 0
2019-01-24 16:07:16.614 WIB [24] LOG:  stats_timestamp 2019-01-24 16:07:16.620259+07 is later than collector's time 2019-01-24 16:07:16.614087+07 for database 0
