2019-03-15 15:05:46.366 WIB [1591] ERROR:  duplicate key value violates unique constraint "registrasi_pkey"
2019-03-15 15:05:46.366 WIB [1591] DETAIL:  Key (reg_id)=(1) already exists.
2019-03-15 15:05:46.366 WIB [1591] STATEMENT:  INSERT INTO mst.registrasi(reg_id, reg_nama, reg_pribadi, reg_alamat, reg_alamat_ktp, reg_email, reg_password)          VALUES ( '1', 'dedy', '{"tempatLahir":"DEDY","tanggalLahir":"1982-12-20","nik":"337403301281","kk":"337403301281","noHP":"08121557997","pekerjaan":"DEDY"}', '{"alamat":"DEDY","propinsi":"DEDY","kota":"DEDY","kecamatan":"DEDY","kelurahan":"DEDY","rt":"01","rw":"02","kodePOS":"50192"}', '{"alamatKTP":"DEDY","propinsiKTP":"DEDY","kotaKTP":"DEDY","kecamatanKTP":"DEDY","kelurahanKTP":"DEDY","rwKTP":"","kodePOSKTP":"50192"}', 'dedy@dedy.id', 'asdf')
2019-03-15 15:10:26.749 WIB [1607] ERROR:  duplicate key value violates unique constraint "registrasi_pkey"
2019-03-15 15:10:26.749 WIB [1607] DETAIL:  Key (reg_id)=(1) already exists.
2019-03-15 15:10:26.749 WIB [1607] STATEMENT:  INSERT INTO mst.registrasi(reg_id, reg_nama, reg_pribadi, reg_alamat, reg_alamat_ktp, reg_email, reg_password)          VALUES ( '1', 'dedy styawan', '{"tempatLahir":"SEMARANG","tanggalLahir":"1981-12-30","nik":"3374033012810001","kk":"3374033012810001","noHP":"08121557997","pekerjaan":"STAFF"}', '{"alamat":"SEMARANG","propinsi":"SEMARANG","kota":"SEMARANG","kecamatan":"SEMARANG","kelurahan":"SEMARANG","rt":"02","rw":"03","kodePOS":"50192"}', '{"alamatKTP":"SEMARANG","propinsiKTP":"SEMARANG","kotaKTP":"SEMARANG","kecamatanKTP":"SEMARANG","kelurahanKTP":"SEMARANG","rtKTP":"04","rwKTP":"05","kodePOSKTP":"50198"}', 'dedy@dedy.id', 'asdf')
2019-03-15 15:11:21.835 WIB [1610] ERROR:  duplicate key value violates unique constraint "registrasi_pkey"
2019-03-15 15:11:21.835 WIB [1610] DETAIL:  Key (reg_id)=(1) already exists.
2019-03-15 15:11:21.835 WIB [1610] STATEMENT:  INSERT INTO mst.registrasi(reg_id, reg_nama, reg_pribadi, reg_alamat, reg_alamat_ktp, reg_email, reg_password)          VALUES ( '1', 'dedy styawan', '{"tempatLahir":"SEMARANG","tanggalLahir":"1981-12-30","nik":"3374033012810001","kk":"3374033012810001","noHP":"08121557997","pekerjaan":"STAFF"}', '{"alamat":"SEMARANG","propinsi":"SEMARANG","kota":"SEMARANG","kecamatan":"SEMARANG","kelurahan":"SEMARANG","rt":"02","rw":"03","kodePOS":"50192"}', '{"alamatKTP":"SEMARANG","propinsiKTP":"SEMARANG","kotaKTP":"SEMARANG","kecamatanKTP":"SEMARANG","kelurahanKTP":"SEMARANG","rtKTP":"04","rwKTP":"05","kodePOSKTP":"50198"}', 'dedy@dedy.id', 'asdf')
2019-03-15 15:19:55.583 WIB [1634] ERROR:  duplicate key value violates unique constraint "registrasi_pkey"
2019-03-15 15:19:55.583 WIB [1634] DETAIL:  Key (reg_id)=(1) already exists.
2019-03-15 15:19:55.583 WIB [1634] STATEMENT:  INSERT INTO mst.registrasi(reg_id, reg_nama, reg_pribadi, reg_alamat, reg_alamat_ktp, reg_email, reg_password)          VALUES ( '1', 'dedy styawan', '{"tempatLahir":"SEAMARANG","tanggalLahir":"1981-12-30","nik":"333333","kk":"333333","noHP":"081223151999","pekerjaan":"STAFF"}', '{"alamat":"SEMARANG","propinsi":"SEMARANG","kota":"SEMARANG","kecamatan":"SEMARANG","kelurahan":"SEMARANG","rt":"01","rw":"03","kodePOS":"501923"}', '{"alamatKTP":"SEMARANGK","propinsiKTP":"SEMARANGK","kotaKTP":"SEMARANGK","kecamatanKTP":"SEMARANGK","kelurahanKTP":"SEMARANGK","rtKTP":"04","rwKTP":"05","kodePOSKTP":"50172"}', 'dedy@dedy.id', 'asdf')
2019-03-15 15:34:50.851 WIB [1667] ERROR:  duplicate key value violates unique constraint "registrasi_pkey"
2019-03-15 15:34:50.851 WIB [1667] DETAIL:  Key (reg_id)=(1) already exists.
2019-03-15 15:34:50.851 WIB [1667] STATEMENT:  INSERT INTO mst.registrasi(reg_id, reg_nama, reg_pribadi, reg_alamat, reg_alamat_ktp, reg_email, reg_password)          VALUES ( '1', 'deyd', '{"tempatLahir":"SEMARANG","tanggalLahir":"1981-12-30","nik":"121212","kk":"12121","noHP":"12121","pekerjaan":"ASDFASDF"}', '{"alamat":"ASDFASDF","propinsi":"ASDFSAFD","kota":"ASDFASDF","kecamatan":"ASDFASFD","kelurahan":"ASDFASFD","rt":"1","rw":"02","kodePOS":"213413"}', '{"alamatKTP":"SEAMARANG","propinsiKTP":"ASDFSAFD","kotaKTP":"ASDFSAFD","kecamatanKTP":"ASDFSAFD","kelurahanKTP":"ASDFSAFD","rtKTP":"02","rwKTP":"09","kodePOSKTP":"2121212"}', 'dedy.styawan@dedy.id', 'asdf')
2019-03-15 18:03:51.937 WIB [2008] ERROR:  duplicate key value violates unique constraint "registrasi_pkey"
2019-03-15 18:03:51.937 WIB [2008] DETAIL:  Key (reg_id)=(1) already exists.
2019-03-15 18:03:51.937 WIB [2008] STATEMENT:  INSERT INTO mst.registrasi(reg_id, reg_nama, reg_pribadi, reg_alamat, reg_alamat_ktp, reg_email, reg_password)          VALUES ( '1', 'dedy', '{"tempatLahir":"SEMARANG","tanggalLahir":"1981-12-30","nik":"12","kk":"3231234","noHP":"123123","pekerjaan":"STAFF"}', '{"alamat":"SEMARANG","propinsi":"SEMARANG","kota":"SEMARANG","kecamatan":"SEMARANG","kelurahan":"SEMARANG","rt":"30","rw":"12","kodePOS":"19928"}', '{"alamatKTP":"SEMARANG","propinsiKTP":"SEMARANG","kotaKTP":"SEMARANG","kecamatanKTP":"SEMARANG","kelurahanKTP":"SEMARANG","rtKTP":"09","rwKTP":"09","kodePOSKTP":"23412"}', 'dedy@ded.id', 'asdf')
2019-03-15 18:05:08.205 WIB [2012] ERROR:  duplicate key value violates unique constraint "registrasi_pkey"
2019-03-15 18:05:08.205 WIB [2012] DETAIL:  Key (reg_id)=(1) already exists.
2019-03-15 18:05:08.205 WIB [2012] STATEMENT:  INSERT INTO mst.registrasi(reg_id, reg_nama, reg_pribadi, reg_alamat, reg_alamat_ktp, reg_email, reg_password)          VALUES ( '1', 'dedy', '{"tempatLahir":"SEMARANG","tanggalLahir":"1981-12-30","nik":"12","kk":"3231234","noHP":"123123","pekerjaan":"STAFF"}', '{"alamat":"SEMARANG","propinsi":"SEMARANG","kota":"SEMARANG","kecamatan":"SEMARANG","kelurahan":"SEMARANG","rt":"30","rw":"12","kodePOS":"19928"}', '{"alamatKTP":"SEMARANG","propinsiKTP":"SEMARANG","kotaKTP":"SEMARANG","kecamatanKTP":"SEMARANG","kelurahanKTP":"SEMARANG","rtKTP":"09","rwKTP":"09","kodePOSKTP":"23412"}', 'dedy@ded.id', 'asdf')
2019-03-15 18:05:22.097 WIB [2013] ERROR:  duplicate key value violates unique constraint "registrasi_pkey"
2019-03-15 18:05:22.097 WIB [2013] DETAIL:  Key (reg_id)=(1) already exists.
2019-03-15 18:05:22.097 WIB [2013] STATEMENT:  INSERT INTO mst.registrasi(reg_id, reg_nama, reg_pribadi, reg_alamat, reg_alamat_ktp, reg_email, reg_password)          VALUES ( '1', 'dedy styawan', '{"tempatLahir":"SEMARANG","tanggalLahir":"1981-12-30","nik":"12","kk":"3231234","noHP":"123123","pekerjaan":"STAFF"}', '{"alamat":"SEMARANG","propinsi":"SEMARANG","kota":"SEMARANG","kecamatan":"SEMARANG","kelurahan":"SEMARANG","rt":"30","rw":"12","kodePOS":"19928"}', '{"alamatKTP":"SEMARANG","propinsiKTP":"SEMARANG","kotaKTP":"SEMARANG","kecamatanKTP":"SEMARANG","kelurahanKTP":"SEMARANG","rtKTP":"09","rwKTP":"09","kodePOSKTP":"23412"}', 'dedy@ded.id', 'asdf')
2019-03-15 18:53:01.250 WIB [2109] ERROR:  duplicate key value violates unique constraint "registrasi_pkey"
2019-03-15 18:53:01.250 WIB [2109] DETAIL:  Key (reg_id)=(1) already exists.
2019-03-15 18:53:01.250 WIB [2109] STATEMENT:  INSERT INTO mst.registrasi(reg_id, reg_nama, reg_pribadi, reg_alamat, reg_alamat_ktp, reg_email, reg_password)          VALUES ( '1', 'dedy styawan', '{"tempatLahir":"SEMARANG","tanggalLahir":"1981-12-30","nik":"12","kk":"3231234","noHP":"123123","pekerjaan":"STAFF"}', '{"alamat":"SEMARANG","propinsi":"SEMARANG","kota":"SEMARANG","kecamatan":"SEMARANG","kelurahan":"SEMARANG","rt":"30","rw":"12","kodePOS":"19928"}', '{"alamatKTP":"SEMARANG","propinsiKTP":"SEMARANG","kotaKTP":"SEMARANG","kecamatanKTP":"SEMARANG","kelurahanKTP":"SEMARANG","rtKTP":"09","rwKTP":"09","kodePOSKTP":"23412"}', 'dedy@ded.id', 'asdf')
2019-03-15 18:53:37.416 WIB [2111] ERROR:  duplicate key value violates unique constraint "registrasi_pkey"
2019-03-15 18:53:37.416 WIB [2111] DETAIL:  Key (reg_id)=(1) already exists.
2019-03-15 18:53:37.416 WIB [2111] STATEMENT:  INSERT INTO mst.registrasi(reg_id, reg_nama, reg_pribadi, reg_alamat, reg_alamat_ktp, reg_email, reg_password)          VALUES ( '1', 'dedy styawan', '{"tempatLahir":"SEMARANG","tanggalLahir":"1981-12-30","nik":"12","kk":"3231234","noHP":"123123","pekerjaan":"STAFF"}', '{"alamat":"SEMARANG","propinsi":"SEMARANG","kota":"SEMARANG","kecamatan":"SEMARANG","kelurahan":"SEMARANG","rt":"30","rw":"12","kodePOS":"19928"}', '{"alamatKTP":"SEMARANG","propinsiKTP":"SEMARANG","kotaKTP":"SEMARANG","kecamatanKTP":"SEMARANG","kelurahanKTP":"SEMARANG","rtKTP":"09","rwKTP":"09","kodePOSKTP":"23412"}', 'dedy@ded.id', 'asdf')
2019-03-15 19:38:05.258 WIB [2230] ERROR:  duplicate key value violates unique constraint "registrasi_pkey"
2019-03-15 19:38:05.258 WIB [2230] DETAIL:  Key (reg_id)=(dedysty811230) already exists.
2019-03-15 19:38:05.258 WIB [2230] STATEMENT:  INSERT INTO mst.registrasi(reg_id, reg_nama, reg_pribadi, reg_alamat, reg_alamat_ktp, reg_email, reg_password)          VALUES ( 'dedysty811230', 'DEDY STYAWAN', '{"tempatLahir":"SEMARANG","tanggalLahir":"1981-12-30","nik":"33333","kk":"33333","noHP":"01929129","pekerjaan":"STAFF"}', '{"alamat":"SEMARANG","propinsi":"SEMARANG","kota":"SEMARANG","kecamatan":"SEMARANG","kelurahan":"SEMARANG","rt":"02","rw":"05","kodePOS":"501929"}', '{"alamatKTP":"SEMARANG","propinsiKTP":"SEMARANG","kotaKTP":"SEMARANG","kecamatanKTP":"SEMARANG","kelurahanKTP":"SEMARANG","rtKTP":"09","rwKTP":"19","kodePOSKTP":"199129"}', 'dedy@dedy.id', 'asdf')
2019-03-15 19:38:07.587 WIB [2230] ERROR:  duplicate key value violates unique constraint "registrasi_pkey"
2019-03-15 19:38:07.587 WIB [2230] DETAIL:  Key (reg_id)=(dedysty811230) already exists.
2019-03-15 19:38:07.587 WIB [2230] STATEMENT:  INSERT INTO mst.registrasi(reg_id, reg_nama, reg_pribadi, reg_alamat, reg_alamat_ktp, reg_email, reg_password)          VALUES ( 'dedysty811230', 'DEDY STYAWAN', '{"tempatLahir":"SEMARANG","tanggalLahir":"1981-12-30","nik":"33333","kk":"33333","noHP":"01929129","pekerjaan":"STAFF"}', '{"alamat":"SEMARANG","propinsi":"SEMARANG","kota":"SEMARANG","kecamatan":"SEMARANG","kelurahan":"SEMARANG","rt":"02","rw":"05","kodePOS":"501929"}', '{"alamatKTP":"SEMARANG","propinsiKTP":"SEMARANG","kotaKTP":"SEMARANG","kecamatanKTP":"SEMARANG","kelurahanKTP":"SEMARANG","rtKTP":"09","rwKTP":"19","kodePOSKTP":"199129"}', 'dedy@dedy.id', 'asdf')
2019-03-15 19:45:22.327 WIB [2252] ERROR:  duplicate key value violates unique constraint "registrasi_pkey"
2019-03-15 19:45:22.327 WIB [2252] DETAIL:  Key (reg_id)=(dedysty811230) already exists.
2019-03-15 19:45:22.327 WIB [2252] STATEMENT:  INSERT INTO mst.registrasi(reg_id, reg_nama, reg_pribadi, reg_alamat, reg_alamat_ktp, reg_email, reg_password)          VALUES ( 'dedysty811230', 'DEDY STYAWAN', '{"tempatLahir":"SEMARANG","tanggalLahir":"1981-12-30","nik":"3333333","kk":"2222222","noHP":"018291919","pekerjaan":"STAFF"}', '{"alamat":"SEMARANG","propinsi":"SEMARANG","kota":"SEMARANG","kecamatan":"SEMARANG","kelurahan":"SEMARANG","rt":"02","rw":"03","kodePOS":"401001"}', '{"alamatKTP":"SEMARANG","propinsiKTP":"SEMARANG","kotaKTP":"SEMARANG","kecamatanKTP":"SEMARANG","kelurahanKTP":"SEMARANG","rtKTP":"04","rwKTP":"05","kodePOSKTP":"501929"}', 'dedy@dedy.id', 'asdf')
2019-03-15 19:51:57.485 WIB [2272] ERROR:  duplicate key value violates unique constraint "registrasi_pkey"
2019-03-15 19:51:57.485 WIB [2272] DETAIL:  Key (reg_id)=(dedysty811230) already exists.
2019-03-15 19:51:57.485 WIB [2272] STATEMENT:  INSERT INTO mst.registrasi(reg_id, reg_nama, reg_pribadi, reg_alamat, reg_alamat_ktp, reg_email, reg_password)          VALUES ( 'dedysty811230', 'DEDY STYAWAN', '{"tempatLahir":"SEMARANG","tanggalLahir":"1981-12-30","nik":"44444444","kk":"555555555","noHP":"08121557997","pekerjaan":"STAFF"}', '{"alamat":"SEMARANG","propinsi":"SEMARANG","kota":"SEMARANG","kecamatan":"SEMARANG","kelurahan":"SEMARANG","rt":"05","rw":"06","kodePOS":"50192"}', '{"alamatKTP":"SEMARANG","propinsiKTP":"SEMARANG","kotaKTP":"SEMARANG","kecamatanKTP":"SEMARANG","kelurahanKTP":"SEMARANG","rtKTP":"05","rwKTP":"07","kodePOSKTP":"50192"}', 'dedy@dedy.id', 'asdf')
2019-03-15 20:02:33.573 WIB [2299] ERROR:  duplicate key value violates unique constraint "registrasi_pkey"
2019-03-15 20:02:33.573 WIB [2299] DETAIL:  Key (reg_id)=(dedysty811230) already exists.
2019-03-15 20:02:33.573 WIB [2299] STATEMENT:  INSERT INTO mst.registrasi(reg_id, reg_nama, reg_pribadi, reg_alamat, reg_alamat_ktp, reg_email, reg_password)          VALUES ( 'dedysty811230', 'DEDY STYAWAN', '{"tempatLahir":"SEMARANG","tanggalLahir":"1981-12-30","nik":"333333333","kk":"333333333","noHP":"0819298181","pekerjaan":"STAFF"}', '{"alamat":"SEMARANG","propinsi":"SEMARANG","kota":"SEMARANG","kecamatan":"SEMARANG","kelurahan":"SEMARANG","rt":"09","rw":"10","kodePOS":"501928"}', '{"alamatKTP":"SEMARANG","propinsiKTP":"SEMARANG","kotaKTP":"SEMARANG","kecamatanKTP":"SEMARANG","kelurahanKTP":"SEMARANG","rtKTP":"07","rwKTP":"06","kodePOSKTP":"501982"}', 'dedy@dedy.id', 'asdf')
2019-03-15 20:04:06.857 WIB [2305] ERROR:  duplicate key value violates unique constraint "registrasi_pkey"
2019-03-15 20:04:06.857 WIB [2305] DETAIL:  Key (reg_id)=(dedysty811230) already exists.
2019-03-15 20:04:06.857 WIB [2305] STATEMENT:  INSERT INTO mst.registrasi(reg_id, reg_nama, reg_pribadi, reg_alamat, reg_alamat_ktp, reg_email, reg_password)          VALUES ( 'dedysty811230', 'DEDY STYAWAN', '{"tempatLahir":"SEMARANG","tanggalLahir":"1981-12-30","nik":"33333","kk":"121212","noHP":"091828818","pekerjaan":"STAFF"}', '{"alamat":"SEMARANG","propinsi":"SEMARANG","kota":"SEMARANG","kecamatan":"SEMARANG","kelurahan":"SEMARANG","rt":"09","rw":"06","kodePOS":"171277"}', '{"alamatKTP":"SEMARANG","propinsiKTP":"SEMARANG","kotaKTP":"SEMARANG","kecamatanKTP":"SEMARANG","kelurahanKTP":"SEMARANG","rtKTP":"07","rwKTP":"06","kodePOSKTP":"501982"}', 'dedy@dedy.id', 'asdf')
2019-03-15 20:07:03.070 WIB [2314] ERROR:  duplicate key value violates unique constraint "registrasi_pkey"
2019-03-15 20:07:03.070 WIB [2314] DETAIL:  Key (reg_id)=(dedysty811230) already exists.
2019-03-15 20:07:03.070 WIB [2314] STATEMENT:  INSERT INTO mst.registrasi(reg_id, reg_nama, reg_pribadi, reg_alamat, reg_alamat_ktp, reg_email, reg_password)          VALUES ( 'dedysty811230', 'DEDY STYAWAN', '{"tempatLahir":"SEMARANG","tanggalLahir":"1981-12-30","nik":"121212","kk":"1212","noHP":"121212","pekerjaan":"STAFF"}', '{"alamat":"SEMARANG","propinsi":"SEMARANG","kota":"SEMARANG","kecamatan":"SEMARANG","kelurahan":"SEMARANG","rt":"09","rw":"07","kodePOS":"501929"}', '{"alamatKTP":"SEMARANG","propinsiKTP":"SEMARANG","kotaKTP":"SEMARANG","kecamatanKTP":"SEMARANG","kelurahanKTP":"SEMARANG","rtKTP":"08","rwKTP":"06","kodePOSKTP":"501928"}', 'dedy@dedy.id', 'asdf')
2019-03-15 20:08:24.157 WIB [2318] ERROR:  duplicate key value violates unique constraint "registrasi_pkey"
2019-03-15 20:08:24.157 WIB [2318] DETAIL:  Key (reg_id)=(dedysty811230) already exists.
2019-03-15 20:08:24.157 WIB [2318] STATEMENT:  INSERT INTO mst.registrasi(reg_id, reg_nama, reg_pribadi, reg_alamat, reg_alamat_ktp, reg_email, reg_password)          VALUES ( 'dedysty811230', 'DEDY STYAWAN', '{"tempatLahir":"SEMARANG","tanggalLahir":"1981-12-30","nik":"121212","kk":"1212","noHP":"121212","pekerjaan":"STAFF"}', '{"alamat":"SEMARANG","propinsi":"SEMARANG","kota":"SEMARANG","kecamatan":"SEMARANG","kelurahan":"SEMARANG","rt":"09","rw":"07","kodePOS":"501929"}', '{"alamatKTP":"SEMARANG","propinsiKTP":"SEMARANG","kotaKTP":"SEMARANG","kecamatanKTP":"SEMARANG","kelurahanKTP":"SEMARANG","rtKTP":"08","rwKTP":"06","kodePOSKTP":"501928"}', 'dedy@dedy.id', 'asdf')
2019-03-15 20:09:34.300 WIB [2321] ERROR:  duplicate key value violates unique constraint "registrasi_pkey"
2019-03-15 20:09:34.300 WIB [2321] DETAIL:  Key (reg_id)=(dedysty811230) already exists.
2019-03-15 20:09:34.300 WIB [2321] STATEMENT:  INSERT INTO mst.registrasi(reg_id, reg_nama, reg_pribadi, reg_alamat, reg_alamat_ktp, reg_email, reg_password)          VALUES ( 'dedysty811230', 'DEDY STYAWAN', '{"tempatLahir":"SEMARANG","tanggalLahir":"1981-12-30","nik":"1234","kk":"1234","noHP":"1234","pekerjaan":"SEMARANG"}', '{"alamat":"SEMARANG","propinsi":"SEMARANG","kota":"SEMARANG","kecamatan":"SEMARANG","kelurahan":"SEMARANG","rt":"08","rw":"06","kodePOS":"501982"}', '{"alamatKTP":"SEMARANG","propinsiKTP":"SEMARANG","kotaKTP":"SEMARANG","kecamatanKTP":"SEMARANG","kelurahanKTP":"SEMARANG","rtKTP":"08","rwKTP":"05","kodePOSKTP":"50129"}', 'dedy@dedy.id', 'asdf')
2019-03-15 20:13:44.389 WIB [2332] ERROR:  duplicate key value violates unique constraint "registrasi_pkey"
2019-03-15 20:13:44.389 WIB [2332] DETAIL:  Key (reg_id)=(dedysty811230) already exists.
2019-03-15 20:13:44.389 WIB [2332] STATEMENT:  INSERT INTO mst.registrasi(reg_id, reg_nama, reg_pribadi, reg_alamat, reg_alamat_ktp, reg_email, reg_password)          VALUES ( 'dedysty811230', 'DEDY STYAWAN', '{"tempatLahir":"SEMARANG","tanggalLahir":"1981-12-30","nik":"4444444","kk":"444444","noHP":"081223151999","pekerjaan":"STAFF"}', '{"alamat":"SEMARANG","propinsi":"SEMARANG","kota":"SEMARANG","kecamatan":"SEMARANG","kelurahan":"SEMARANG","rt":"08","rw":"07","kodePOS":"098818"}', '{"alamatKTP":"SEMARANG","propinsiKTP":"SEMARANG","kotaKTP":"SEMARANG","kecamatanKTP":"SEMARANG","kelurahanKTP":"SEMARANG","rtKTP":"08","rwKTP":"08","kodePOSKTP":"529188"}', 'dedy@dedy.id', 'asdf')
2019-03-15 20:16:00.782 WIB [2340] ERROR:  duplicate key value violates unique constraint "registrasi_pkey"
2019-03-15 20:16:00.782 WIB [2340] DETAIL:  Key (reg_id)=(dedysty811230) already exists.
2019-03-15 20:16:00.782 WIB [2340] STATEMENT:  INSERT INTO mst.registrasi(reg_id, reg_nama, reg_pribadi, reg_alamat, reg_alamat_ktp, reg_email, reg_password)          VALUES ( 'dedysty811230', 'DEDY STYAWAN', '{"tempatLahir":"SEMARANG","tanggalLahir":"1981-12-30","nik":"4444444","kk":"1200012","noHP":"1212","pekerjaan":"1212"}', '{"alamat":"ASDF","propinsi":"SAFD","kota":"ASDF","kecamatan":"ASDF","kelurahan":"ASDF","rt":"12","rw":"12","kodePOS":"121212"}', '{"alamatKTP":"SEMARANG","propinsiKTP":"SEMARANG","kotaKTP":"SEMARANG","kecamatanKTP":"SEMARANG","kelurahanKTP":"SEMARANG","rtKTP":"12","rwKTP":"12","kodePOSKTP":"121212"}', 'dedy@dedy.id', 'asdf')
2019-03-15 20:16:46.598 WIB [2342] ERROR:  duplicate key value violates unique constraint "registrasi_pkey"
2019-03-15 20:16:46.598 WIB [2342] DETAIL:  Key (reg_id)=(dedysty811230) already exists.
2019-03-15 20:16:46.598 WIB [2342] STATEMENT:  INSERT INTO mst.registrasi(reg_id, reg_nama, reg_pribadi, reg_alamat, reg_alamat_ktp, reg_email, reg_password)          VALUES ( 'dedysty811230', 'DEDY STYAWAN', '{"tempatLahir":"SEMARANG","tanggalLahir":"1981-12-30","nik":"4444444","kk":"1200012","noHP":"1212","pekerjaan":"1212"}', '{"alamat":"ASDF","propinsi":"SAFD","kota":"ASDF","kecamatan":"ASDF","kelurahan":"ASDF","rt":"12","rw":"12","kodePOS":"121212"}', '{"alamatKTP":"SEMARANG","propinsiKTP":"SEMARANG","kotaKTP":"SEMARANG","kecamatanKTP":"SEMARANG","kelurahanKTP":"SEMARANG","rtKTP":"12","rwKTP":"12","kodePOSKTP":"121212"}', 'dedy@dedy.id', 'asdf')
2019-03-15 20:16:49.260 WIB [2342] ERROR:  duplicate key value violates unique constraint "registrasi_pkey"
2019-03-15 20:16:49.260 WIB [2342] DETAIL:  Key (reg_id)=(dedysty811230) already exists.
2019-03-15 20:16:49.260 WIB [2342] STATEMENT:  INSERT INTO mst.registrasi(reg_id, reg_nama, reg_pribadi, reg_alamat, reg_alamat_ktp, reg_email, reg_password)          VALUES ( 'dedysty811230', 'DEDY STYAWAN', '{"tempatLahir":"SEMARANG","tanggalLahir":"1981-12-30","nik":"4444444","kk":"1200012","noHP":"1212","pekerjaan":"1212"}', '{"alamat":"ASDF","propinsi":"SAFD","kota":"ASDF","kecamatan":"ASDF","kelurahan":"ASDF","rt":"12","rw":"12","kodePOS":"121212"}', '{"alamatKTP":"SEMARANG","propinsiKTP":"SEMARANG","kotaKTP":"SEMARANG","kecamatanKTP":"SEMARANG","kelurahanKTP":"SEMARANG","rtKTP":"12","rwKTP":"12","kodePOSKTP":"121212"}', 'dedy@dedy.id', 'asdf')
2019-03-15 20:16:52.212 WIB [2342] ERROR:  duplicate key value violates unique constraint "registrasi_pkey"
2019-03-15 20:16:52.212 WIB [2342] DETAIL:  Key (reg_id)=(dedysty811230) already exists.
2019-03-15 20:16:52.212 WIB [2342] STATEMENT:  INSERT INTO mst.registrasi(reg_id, reg_nama, reg_pribadi, reg_alamat, reg_alamat_ktp, reg_email, reg_password)          VALUES ( 'dedysty811230', 'DEDY STYAWAN', '{"tempatLahir":"SEMARANG","tanggalLahir":"1981-12-30","nik":"4444444","kk":"1200012","noHP":"1212","pekerjaan":"1212"}', '{"alamat":"ASDF","propinsi":"SAFD","kota":"ASDF","kecamatan":"ASDF","kelurahan":"ASDF","rt":"12","rw":"12","kodePOS":"121212"}', '{"alamatKTP":"SEMARANG","propinsiKTP":"SEMARANG","kotaKTP":"SEMARANG","kecamatanKTP":"SEMARANG","kelurahanKTP":"SEMARANG","rtKTP":"12","rwKTP":"12","kodePOSKTP":"121212"}', 'dedy@dedy.id', 'asdf')
2019-03-15 20:19:21.866 WIB [2351] ERROR:  duplicate key value violates unique constraint "registrasi_pkey"
2019-03-15 20:19:21.866 WIB [2351] DETAIL:  Key (reg_id)=(dedysty811230) already exists.
2019-03-15 20:19:21.866 WIB [2351] STATEMENT:  INSERT INTO mst.registrasi(reg_id, reg_nama, reg_pribadi, reg_alamat, reg_alamat_ktp, reg_email, reg_password)          VALUES ( 'dedysty811230', 'DEDY STYAWAN', '{"tempatLahir":"SEMARANG","tanggalLahir":"1981-12-30","nik":"12341234132","kk":"1234132412","noHP":"1234","pekerjaan":"SEMARANG"}', '{"alamat":"SEMARANG","propinsi":"SEMARANG","kota":"SEMARANG","kecamatan":"SEMARANG","kelurahan":"SEMARANG","rt":"09","rw":"08","kodePOS":"501929"}', '{"alamatKTP":"SEMARANG","propinsiKTP":"SEMARANG","kotaKTP":"SEMARANG","kecamatanKTP":"SEMARANG","kelurahanKTP":"SEMARANG","rtKTP":"09","rwKTP":"08","kodePOSKTP":"50918"}', 'dedy@dedy.id', 'asdf')
2019-03-15 20:26:39.114 WIB [2370] ERROR:  duplicate key value violates unique constraint "registrasi_pkey"
2019-03-15 20:26:39.114 WIB [2370] DETAIL:  Key (reg_id)=(dedysty811230) already exists.
2019-03-15 20:26:39.114 WIB [2370] STATEMENT:  INSERT INTO mst.registrasi(reg_id, reg_nama, reg_pribadi, reg_alamat, reg_alamat_ktp, reg_email, reg_password)          VALUES ( 'dedysty811230', 'DEDY STYAWAN', '{"tempatLahir":"SEMARANG","tanggalLahir":"1981-12-30","nik":"3333333","kk":"3333333","noHP":"081223151999","pekerjaan":"STAFF"}', '{"alamat":"SEMARANG","propinsi":"SEMARANG","kota":"SEMARANG","kecamatan":"SEMARANG","kelurahan":"SEMARANG","rt":"04","rw":"05","kodePOS":"501929"}', '{"alamatKTP":"SEMARANG","propinsiKTP":"SEMARANG","kotaKTP":"SEMARANG","kecamatanKTP":"SEMARANG","kelurahanKTP":"SEMARANG","rtKTP":"05","rwKTP":"07","kodePOSKTP":"509182"}', 'dedy@dedy.id', 'asdf')
2019-03-15 20:26:49.490 WIB [2370] ERROR:  duplicate key value violates unique constraint "registrasi_pkey"
2019-03-15 20:26:49.490 WIB [2370] DETAIL:  Key (reg_id)=(dedysty811230) already exists.
2019-03-15 20:26:49.490 WIB [2370] STATEMENT:  INSERT INTO mst.registrasi(reg_id, reg_nama, reg_pribadi, reg_alamat, reg_alamat_ktp, reg_email, reg_password)          VALUES ( 'dedysty811230', 'DEDY STYAWAN', '{"tempatLahir":"SEMARANG","tanggalLahir":"1981-12-30","nik":"3333333","kk":"3333333","noHP":"081223151999","pekerjaan":"STAFF"}', '{"alamat":"SEMARANG","propinsi":"SEMARANG","kota":"SEMARANG","kecamatan":"SEMARANG","kelurahan":"SEMARANG","rt":"04","rw":"05","kodePOS":"501929"}', '{"alamatKTP":"SEMARANG","propinsiKTP":"SEMARANG","kotaKTP":"SEMARANG","kecamatanKTP":"SEMARANG","kelurahanKTP":"SEMARANG","rtKTP":"05","rwKTP":"07","kodePOSKTP":"509182"}', 'dedy@dedy.id', 'asdf')
