2019-11-18 15:25:29.902 WIB [20] LOG:  database system was interrupted; last known up at 2019-11-18 12:03:36 WIB
2019-11-18 15:25:49.868 WIB [20] LOG:  database system was not properly shut down; automatic recovery in progress
2019-11-18 15:25:50.106 WIB [20] LOG:  redo starts at 0/14F52928
2019-11-18 15:25:50.106 WIB [20] LOG:  invalid record length at 0/14F52A08: wanted 24, got 0
2019-11-18 15:25:50.106 WIB [20] LOG:  redo done at 0/14F529D0
2019-11-18 15:25:50.671 WIB [1] LOG:  database system is ready to accept connections
2019-11-18 18:47:35.940 WIB [27] ERROR:  syntax error at or near "f543afdb6ba8aeef955c6c951d3bd70c1de8361" at character 97
2019-11-18 18:47:35.940 WIB [27] STATEMENT:  INSERT INTO mst.users (name, email, password, remember_token)
	    VALUES (test, test@test.com, 5f543afdb6ba8aeef955c6c951d3bd70c1de8361, 709fdac127243e93a231a4844873255da4a12dc181696565bc76189d8c6d7d74) RETURNING id
2019-11-18 18:48:01.060 WIB [28] ERROR:  syntax error at or near "f543afdb6ba8aeef955c6c951d3bd70c1de8361" at character 97
2019-11-18 18:48:01.060 WIB [28] STATEMENT:  INSERT INTO mst.users (name, email, password, remember_token)
	    VALUES (test, test@test.com, 5f543afdb6ba8aeef955c6c951d3bd70c1de8361, 42963a2f3594949b0c2431b4d6da061b7c92b84bfbac0b4b1db8337bd6090a5f) RETURNING id
2019-11-18 18:50:11.586 WIB [31] ERROR:  duplicate key value violates unique constraint "users_email_key"
2019-11-18 18:50:11.586 WIB [31] DETAIL:  Key (email)=(test@test.com) already exists.
2019-11-18 18:50:11.586 WIB [31] STATEMENT:  INSERT INTO mst.users (name, email, password, remember_token)     VALUES ('test', 'test@test.com', '5f543afdb6ba8aeef955c6c951d3bd70c1de8361', 'e6a95df6593506363950276da17930857565434455c780127a99ddda3aa33480') RETURNING id
2019-11-18 18:50:59.263 WIB [33] ERROR:  syntax error at or near "f543afdb6ba8aeef955c6c951d3bd70c1de8361" at character 101
2019-11-18 18:50:59.263 WIB [33] STATEMENT:  INSERT INTO mst.users (name, email, password, remember_token) 
	    VALUES (test, test@testing.com, 5f543afdb6ba8aeef955c6c951d3bd70c1de8361, 7d93631784e332a95218fba98188930f062951d31d926d94233c3f51c13f57de) RETURNING id
2019-11-18 18:55:04.485 WIB [38] ERROR:  there is no parameter $1 at character 76
2019-11-18 18:55:04.485 WIB [38] STATEMENT:  INSERT INTO mst.users (name, email, password, remember_token) 
	    VALUES ($1, $2, $3, $4) RETURNING id
2019-11-18 18:56:05.759 WIB [40] ERROR:  syntax error at or near "," at character 113
2019-11-18 18:56:05.759 WIB [40] STATEMENT:  INSERT INTO mst.users (name, email, password, remember_token) 
	    VALUES ('test', 'test@testingxxx.com'</email>, '5f543afdb6ba8aeef955c6c951d3bd70c1de8361', '44933307299a58f5425681ce0ee3ce8c5e52cde36ffe54fe78ca14d8c8406472') RETURNING id
2019-11-18 18:56:25.508 WIB [41] ERROR:  duplicate key value violates unique constraint "users_email_key"
2019-11-18 18:56:25.508 WIB [41] DETAIL:  Key (email)=(test@testingxxx.com) already exists.
2019-11-18 18:56:25.508 WIB [41] STATEMENT:  INSERT INTO mst.users (name, email, password, remember_token) 
	    VALUES ('test', 'test@testingxxx.com', '5f543afdb6ba8aeef955c6c951d3bd70c1de8361', '9c0cef4a2fecc2a1983cece7a4251bb84318a6b6f5e7eeee39651ed3692e678c') RETURNING id
2019-11-18 18:59:11.816 WIB [45] ERROR:  duplicate key value violates unique constraint "users_email_key"
2019-11-18 18:59:11.816 WIB [45] DETAIL:  Key (email)=(test@testingasdfsxx2323x.com) already exists.
2019-11-18 18:59:11.816 WIB [45] STATEMENT:  INSERT INTO mst.users (name, email, password, remember_token) 
	    VALUES ('test', 'test@testingasdfsxx2323x.com', '5f543afdb6ba8aeef955c6c951d3bd70c1de8361', '2db3a518eb467dd50d104f701a07bf7ca86811dce89de9d70d7e66ba68e01b95') RETURNING id
2019-11-18 19:05:20.925 WIB [54] ERROR:  relation "users" does not exist at character 15
2019-11-18 19:05:20.925 WIB [54] STATEMENT:  SELECT * FROM users WHERE email = 'test@tes.com' 
