2019-09-09 08:42:35.376 WIB [19] LOG:  database system was interrupted; last known up at 2019-09-06 17:24:15 WIB
2019-09-09 08:42:51.900 WIB [19] LOG:  database system was not properly shut down; automatic recovery in progress
2019-09-09 08:42:52.249 WIB [19] LOG:  redo starts at 0/E0C5000
2019-09-09 08:42:52.250 WIB [19] LOG:  invalid record length at 0/E0C5038: wanted 24, got 0
2019-09-09 08:42:52.250 WIB [19] LOG:  redo done at 0/E0C5000
2019-09-09 08:42:52.893 WIB [1] LOG:  database system is ready to accept connections
2019-09-09 17:54:14.680 WIB [757] FATAL:  password authentication failed for user "teknotama"
2019-09-09 17:54:14.680 WIB [757] DETAIL:  Password does not match for user "teknotama".
	Connection matched pg_hba.conf line 95: "host all all all md5"
2019-09-09 17:55:46.743 WIB [24] LOG:  stats_timestamp 2019-09-09 17:55:46.751432+07 is later than collector's time 2019-09-09 17:55:46.743501+07 for database 81921
2019-09-09 18:06:25.558 WIB [807] ERROR:  operator does not exist: date = integer at character 45
2019-09-09 18:06:25.558 WIB [807] HINT:  No operator matches the given name and argument types. You might need to add explicit type casts.
2019-09-09 18:06:25.558 WIB [807] STATEMENT:  select * from trx.kasda
	where kasda_tanggal = 20190801
2019-09-09 18:06:33.725 WIB [807] ERROR:  cannot cast type integer to date at character 55
2019-09-09 18:06:33.725 WIB [807] STATEMENT:  select * from trx.kasda
	where kasda_tanggal = 20190801::date
2019-09-09 18:06:45.303 WIB [807] ERROR:  operator does not exist: date = integer at character 45
2019-09-09 18:06:45.303 WIB [807] HINT:  No operator matches the given name and argument types. You might need to add explicit type casts.
2019-09-09 18:06:45.303 WIB [807] STATEMENT:  select * from trx.kasda
	where kasda_tanggal = '20190801'::integer
